<?xml version="1.0" encoding="utf-8"?><testsuites><testsuite name="pytest" errors="0" failures="0" skipped="2" tests="4" time="0.041" timestamp="2022-01-15T17:56:09.391388" hostname="santhosh-G3-3579"><testcase classname="test.test_module.TestAdd" name="test_add" time="0.000"><skipped type="pytest.skip" message="testing fixture">/home/santhosh/projects/work/myprac/testing/project/test/test_module.py:23: testing fixture</skipped></testcase><testcase classname="test.test_module.TestAdd" name="test_neg_add" time="0.000"><skipped type="pytest.skip" message="testing fixture">/home/santhosh/projects/work/myprac/testing/project/test/test_module.py:26: testing fixture</skipped></testcase><testcase classname="test.test_module" name="test_using_raise" time="0.001" /><testcase classname="test.test_module" name="test_fix" time="0.001" /></testsuite></testsuites>